\BOOKMARK [1][-]{section.1}{T chc nh\363m}{}% 1
\BOOKMARK [1][-]{section.2}{Khao s\341t v\340 Ph\342n t\355ch y\352u cu cua phn mm}{}% 2
\BOOKMARK [2][-]{subsection.2.1}{Khao s\341t, t\354m hiu y\352u cu}{section.2}% 3
\BOOKMARK [2][-]{subsection.2.2}{Phn t\355ch y\352u cu}{section.2}% 4
\BOOKMARK [1][-]{section.3}{Thit k phn mm}{}% 5
\BOOKMARK [2][-]{subsection.3.1}{Thit k c\341c cu tr\372c d liu d\371ng \040ph\341t trin phn mm th vin}{section.3}% 6
\BOOKMARK [2][-]{subsection.3.2}{Thit k c\341c khi chc nang v\340 h thng con}{section.3}% 7
\BOOKMARK [2][-]{subsection.3.3}{Thit k giao din}{section.3}% 8
\BOOKMARK [1][-]{section.4}{T chc v\340 quan l\375 m\343 ngun trong qu\341 tr\354nh qu\341 trin}{}% 9
\BOOKMARK [1][-]{section.5}{Thu thp s liu}{}% 10
\BOOKMARK [1][-]{section.6}{Kim tra phn mm}{}% 11
\BOOKMARK [1][-]{section.7}{C\341c t\340i liu}{}% 12
\BOOKMARK [2][-]{subsection.7.1}{Ch\372 th\355ch m\343 ngun v\340 inh dang}{section.7}% 13
\BOOKMARK [2][-]{subsection.7.2}{T\340i liu h tr ph\341t trin v\340 n\342ng cp}{section.7}% 14
\BOOKMARK [2][-]{subsection.7.3}{T\340i liu hng dn trin khai}{section.7}% 15
\BOOKMARK [2][-]{subsection.7.4}{T\340i liu hng dn s dung phn mm}{section.7}% 16
\BOOKMARK [1][-]{section.8}{Bang t \341nh gi\341}{}% 17
\BOOKMARK [2][-]{subsection.8.1}{Theo ti\352u ch\355 cua giang vi\352n}{section.8}% 18
\BOOKMARK [2][-]{subsection.8.2}{Nhng im kh\341c}{section.8}% 19
\BOOKMARK [1][-]{subsection.8.2}{T\340i liu tham khao}{}% 20
